<?xml version="1.0" encoding="UTF-8"?>
<!-- Generated by org.testng.reporters.JUnitXMLReporter -->
<testsuite hostname="DESKTOP-5DRSVV3" ignored="0" name="Mediaocean Test" tests="1" failures="0" timestamp="09 Jun 2021 19:36:42 GMT" time="11.824" errors="0">
  <testcase name="@BeforeMethod setUp" time="10.022" classname="com.qa.MediaOcean.tests.stackOverflowTest">
    <failure type="java.lang.NullPointerException">
      <![CDATA[java.lang.NullPointerException
at com.qa.MediaOcean.tests.stackOverflowTest.setUp(stackOverflowTest.java:36)
... Removed 31 stack frames]]>
    </failure>
  </testcase> <!-- @BeforeMethod setUp -->
  <testcase name="searchSelenium" time="0.0" classname="com.qa.MediaOcean.tests.stackOverflowTest">
    <skipped/>
  </testcase> <!-- searchSelenium -->
</testsuite> <!-- Mediaocean Test -->
