-------------------------------------------------------------------------------
Test set: TestSuite
-------------------------------------------------------------------------------
Tests run: 2, Failures: 1, Errors: 0, Skipped: 1, Time elapsed: 13.967 s <<< FAILURE! - in TestSuite
setUp(com.qa.MediaOcean.tests.stackOverflowTest)  Time elapsed: 12.448 s  <<< FAILURE!
java.lang.NullPointerException
	at com.qa.MediaOcean.tests.stackOverflowTest.setUp(stackOverflowTest.java:36)

